#
# A fatal error has been detected by the Java Runtime Environment:
#
#  Internal Error (os_windows_x86.cpp:114), pid=2844, tid=372
#  Error: guarantee(result == -1,"Unexpected result from topLevelExceptionFilter")
#
# JRE version: 6.0_17-b04
# Java VM: Java HotSpot(TM) 64-Bit Server VM (14.3-b01 mixed mode windows-amd64 )
# If you would like to submit a bug report, please visit:
#   http://java.sun.com/webapps/bugreport/crash.jsp
# The crash happened outside the Java Virtual Machine in native code.
# See problematic frame for where to report the bug.
#

---------------  T H R E A D  ---------------

Current thread (0x000000000540f000):  JavaThread "main" [_thread_in_native, id=372, stack(0x0000000000160000,0x0000000004160000)]

Stack: [0x0000000000160000,0x0000000004160000]
[error occurred during error reporting (printing stack bounds), id 0xc0000005]

Java frames: (J=compiled Java code, j=interpreted, Vv=VM code)
j  com.mathworks.jmi.NativeMatlab.ProcessPendingEvents()Z+0
j  com.mathworks.jmi.NativeMatlab.processPendingEvents()Z+8
j  com.mathworks.jmi.Matlab$ProcessPendingEvents.callBooleanMethod(Ljava/lang/Object;)Z+0
j  com.mathworks.util.FactoryUtils.processPendingEvents()Z+12
j  com.mathworks.widgets.desk.Desktop.canClose()Z+38
j  com.mathworks.mde.desk.MLDesktop.canClose()Z+113
j  com.mathworks.mde.desk.MLDesktop$2.call()Ljava/lang/Boolean;+4
j  com.mathworks.mde.desk.MLDesktop$2.call()Ljava/lang/Object;+1
j  com.mathworks.jmi.Matlab.isOkToExit()Z+54
v  ~StubRoutines::call_stub
j  com.mathworks.jmi.NativeMatlab.SendMatlabMessage(Ljava/lang/Object;)Ljava/lang/Object;+0
j  com.mathworks.jmi.NativeMatlab.sendMatlabMessage(Ljava/lang/Object;)Ljava/lang/Object;+22
j  com.mathworks.jmi.MatlabLooper.sendMatlabMessage(Lcom/mathworks/services/message/MWMessage;)Ljava/lang/Object;+20
j  com.mathworks.jmi.Matlab.mtFevalConsoleOutput(Ljava/lang/String;[Ljava/lang/Object;I)Ljava/lang/Object;+58
j  com.mathworks.mde.desk.MLDesktop$9.run()V+14
j  com.mathworks.jmi.NativeMatlab.dispatchMTRequests(Z)V+57
v  ~StubRoutines::call_stub

---------------  P R O C E S S  ---------------

Java Threads: ( => current thread )
  0x0000000069767800 JavaThread "Code Analyzer updating thread" [_thread_blocked, id=3496, stack(0x0000000011130000,0x00000000111b0000)]
  0x000000006976c000 JavaThread "Code Analyzer updating thread" [_thread_blocked, id=4092, stack(0x0000000011280000,0x0000000011300000)]
  0x000000006976b800 JavaThread "Timer queue for AWT thread" daemon [_thread_blocked, id=4600, stack(0x0000000011330000,0x00000000113b0000)]
  0x0000000069764000 JavaThread "Foxtrot Single Worker Thread #1" daemon [_thread_blocked, id=2568, stack(0x00000000111d0000,0x0000000011250000)]
  0x0000000069765800 JavaThread "Prefs Updater" daemon [_thread_blocked, id=2496, stack(0x0000000011010000,0x0000000011090000)]
  0x000000006976a000 JavaThread "Active Reference Queue Daemon" daemon [_thread_blocked, id=1568, stack(0x000000006abc0000,0x000000006ac40000)]
  0x0000000069768800 JavaThread "Timer-8" daemon [_thread_blocked, id=3792, stack(0x0000000054ae0000,0x0000000054b60000)]
  0x0000000069769000 JavaThread "Timer-7" daemon [_thread_blocked, id=616, stack(0x0000000060d50000,0x0000000060dd0000)]
  0x0000000069767000 JavaThread "Explorer NavigationContext request queue" [_thread_blocked, id=2376, stack(0x00000000509f0000,0x0000000050a70000)]
  0x0000000069765000 JavaThread "AddressBar directory emptiness poller" [_thread_blocked, id=2876, stack(0x000000000ff80000,0x0000000010000000)]
  0x0000000069763800 JavaThread "Timer-1" [_thread_blocked, id=1552, stack(0x000000002d340000,0x000000002d3c0000)]
  0x0000000069762800 JavaThread "TimerQueue" daemon [_thread_blocked, id=548, stack(0x000000000fdc0000,0x000000000fe40000)]
  0x0000000069697000 JavaThread "FelixPackageAdmin" daemon [_thread_blocked, id=944, stack(0x0000000021170000,0x00000000211f0000)]
  0x0000000069696800 JavaThread "FelixStartLevel" daemon [_thread_blocked, id=3132, stack(0x000000000fba0000,0x000000000fc20000)]
  0x0000000069595000 JavaThread "FelixDispatchQueue" daemon [_thread_blocked, id=796, stack(0x000000000ff00000,0x000000000ff80000)]
  0x0000000069480000 JavaThread "AWT-EventQueue-0" [_thread_blocked, id=3452, stack(0x000000000fe70000,0x000000000fef0000)]
  0x0000000069728000 JavaThread "com.google.common.base.internal.Finalizer" daemon [_thread_blocked, id=2284, stack(0x000000000fd40000,0x000000000fdc0000)]
  0x0000000069531000 JavaThread "AWT-Windows" daemon [_thread_in_native, id=2848, stack(0x000000000fad0000,0x000000000fb50000)]
  0x0000000069522000 JavaThread "AWT-Shutdown" [_thread_blocked, id=2708, stack(0x000000000f900000,0x000000000f980000)]
  0x0000000069521800 JavaThread "Java2D Disposer" daemon [_thread_blocked, id=604, stack(0x000000000f7c0000,0x000000000f840000)]
  0x000000006926f000 JavaThread "Timer-0" [_thread_blocked, id=3440, stack(0x000000000f720000,0x000000000f7a0000)]
  0x000000000f148000 JavaThread "EventMgr Dispatcher" daemon [_thread_in_native, id=584, stack(0x0000000019020000,0x000000001d020000)]
  0x000000000e71c000 JavaThread "Low Memory Detector" daemon [_thread_blocked, id=2436, stack(0x000000000ea30000,0x000000000eab0000)]
  0x000000000e715000 JavaThread "CompilerThread1" daemon [_thread_blocked, id=2340, stack(0x00000000882c0000,0x000000008c2c0000)]
  0x000000000e70f000 JavaThread "CompilerThread0" daemon [_thread_blocked, id=2852, stack(0x0000000084180000,0x0000000088180000)]
  0x000000000e70e000 JavaThread "Attach Listener" daemon [_thread_blocked, id=2244, stack(0x000000000e950000,0x000000000e9d0000)]
  0x000000000e6b5800 JavaThread "Finalizer" daemon [_thread_blocked, id=3008, stack(0x000000000e450000,0x000000000e4d0000)]
  0x000000000e6ab000 JavaThread "Reference Handler" daemon [_thread_blocked, id=800, stack(0x000000000e780000,0x000000000e800000)]
=>0x000000000540f000 JavaThread "main" [_thread_in_native, id=372, stack(0x0000000000160000,0x0000000004160000)]

Other Threads:
  0x000000000e6a6000 VMThread [stack: 0x0000000080000000,0x0000000084000000] [id=1876]
  0x000000000e748800 WatcherThread [stack: 0x000000008c2d0000,0x00000000902d0000] [id=3208]

VM state:not at safepoint (normal execution)

VM Mutex/Monitor currently owned by a thread: None

Heap
 PSYoungGen      total 18048K, used 5781K [0x00000000456c0000, 0x0000000046ce0000, 0x00000000487c0000)
  eden space 13696K, 21% used [0x00000000456c0000,0x00000000459a0808,0x0000000046420000)
  from space 4352K, 65% used [0x00000000468a0000,0x0000000046b64df0,0x0000000046ce0000)
  to   space 4480K, 0% used [0x0000000046420000,0x0000000046420000,0x0000000046880000)
 PSOldGen        total 106240K, used 95154K [0x000000003c3c0000, 0x0000000042b80000, 0x00000000456c0000)
  object space 106240K, 89% used [0x000000003c3c0000,0x00000000420ac8a8,0x0000000042b80000)
 PSPermGen       total 79104K, used 75953K [0x00000000343c0000, 0x0000000039100000, 0x000000003c3c0000)
  object space 79104K, 96% used [0x00000000343c0000,0x0000000038dec7d8,0x0000000039100000)

Dynamic libraries:
0x000000013f880000 - 0x000000013f8b2000 	C:\Program Files\MATLAB\R2012a\bin\win64\MATLAB.exe
0x00000000776b0000 - 0x000000007785c000 	C:\Windows\SYSTEM32\ntdll.dll
0x0000000077430000 - 0x000000007754f000 	C:\Windows\system32\kernel32.dll
0x000007fefde20000 - 0x000007fefde8c000 	C:\Windows\system32\KERNELBASE.dll
0x0000000074460000 - 0x0000000074554000 	C:\Program Files\MATLAB\R2012a\bin\win64\libut.dll
0x00000000758a0000 - 0x0000000075952000 	C:\Program Files\MATLAB\R2012a\bin\win64\libmwi18n.dll
0x0000000180000000 - 0x000000018000b000 	C:\Program Files\MATLAB\R2012a\bin\win64\libmwresource_core.dll
0x0000000072ec0000 - 0x0000000072f93000 	C:\Windows\WinSxS\amd64_microsoft.vc90.crt_1fc8b3b9a1e18e3b_9.0.30729.6161_none_08e61857a83bc251\MSVCP90.dll
0x0000000070fb0000 - 0x0000000071053000 	C:\Windows\WinSxS\amd64_microsoft.vc90.crt_1fc8b3b9a1e18e3b_9.0.30729.6161_none_08e61857a83bc251\MSVCR90.dll
0x000000007a170000 - 0x000000007a19c000 	C:\Program Files\MATLAB\R2012a\bin\win64\boost_filesystem-vc90-mt-1_44.dll
0x000000007a560000 - 0x000000007a569000 	C:\Program Files\MATLAB\R2012a\bin\win64\boost_system-vc90-mt-1_44.dll
0x000007feff600000 - 0x000007feff6db000 	C:\Windows\system32\ADVAPI32.dll
0x000007fefe1a0000 - 0x000007fefe23f000 	C:\Windows\system32\msvcrt.dll
0x000007fefe010000 - 0x000007fefe02f000 	C:\Windows\SYSTEM32\sechost.dll
0x000007feff890000 - 0x000007feff9be000 	C:\Windows\system32\RPCRT4.dll
0x000000007a010000 - 0x000000007a035000 	C:\Program Files\MATLAB\R2012a\bin\win64\LIBEXPAT.dll
0x0000000072cc0000 - 0x0000000072eb1000 	C:\Program Files\MATLAB\R2012a\bin\win64\icuin44.dll
0x0000000071710000 - 0x0000000071881000 	C:\Program Files\MATLAB\R2012a\bin\win64\icuuc44.dll
0x0000000010000000 - 0x0000000010e41000 	C:\Program Files\MATLAB\R2012a\bin\win64\icudt44.dll
0x0000000073f70000 - 0x00000000740ad000 	C:\Program Files\MATLAB\R2012a\bin\win64\libmwfl.dll
0x0000000004440000 - 0x0000000004736000 	C:\Program Files\MATLAB\R2012a\bin\win64\libmwMATLAB_res.dll
0x000000007a3b0000 - 0x000000007a3c0000 	C:\Program Files\MATLAB\R2012a\bin\win64\boost_date_time-vc90-mt-1_44.dll
0x000000007a250000 - 0x000000007a263000 	C:\Program Files\MATLAB\R2012a\bin\win64\boost_signals-vc90-mt-1_44.dll
0x000000007a2d0000 - 0x000000007a2e2000 	C:\Program Files\MATLAB\R2012a\bin\win64\boost_thread-vc90-mt-1_44.dll
0x0000000004190000 - 0x00000000041d6000 	C:\Program Files\MATLAB\R2012a\bin\win64\tbb.dll
0x000007fefdff0000 - 0x000007fefe009000 	C:\Windows\system32\imagehlp.dll
0x0000000077880000 - 0x0000000077887000 	C:\Windows\system32\PSAPI.DLL
0x00000000739b0000 - 0x00000000739c3000 	C:\Program Files\MATLAB\R2012a\bin\win64\icuio44.dll
0x000007fef2b40000 - 0x000007fef2c65000 	C:\Windows\system32\dbghelp.dll
0x0000000077330000 - 0x000000007742a000 	C:\Windows\system32\USER32.dll
0x000007fefe040000 - 0x000007fefe0a7000 	C:\Windows\system32\GDI32.dll
0x000007fefe030000 - 0x000007fefe03e000 	C:\Windows\system32\LPK.dll
0x000007feff7c0000 - 0x000007feff88a000 	C:\Windows\system32\USP10.dll
0x000000007bed0000 - 0x000000007c183000 	C:\Program Files\MATLAB\R2012a\bin\win64\libmwservices.dll
0x0000000075a20000 - 0x0000000075ae2000 	C:\Program Files\MATLAB\R2012a\bin\win64\libmx.dll
0x000000007a210000 - 0x000000007a228000 	C:\Program Files\MATLAB\R2012a\bin\win64\zlib1.dll
0x0000000004230000 - 0x0000000004251000 	C:\Program Files\MATLAB\R2012a\bin\win64\libmwmfl_scalar.dll
0x0000000075f10000 - 0x0000000075f5d000 	C:\Program Files\MATLAB\R2012a\bin\win64\mpath.dll
0x000000007b680000 - 0x000000007bbe1000 	C:\Program Files\MATLAB\R2012a\bin\win64\mlutil.dll
0x0000000073000000 - 0x000000007307f000 	C:\Program Files\MATLAB\R2012a\bin\win64\xmlcore.dll
0x000000007bc30000 - 0x000000007be83000 	C:\Program Files\MATLAB\R2012a\bin\win64\xerces-c_2_7.dll
0x000007fefdef0000 - 0x000007fefdf3d000 	C:\Windows\system32\WS2_32.dll
0x000007feff410000 - 0x000007feff418000 	C:\Windows\system32\NSI.dll
0x00000000042b0000 - 0x00000000042ca000 	C:\Program Files\MATLAB\R2012a\bin\win64\libmwMATLAB_settings_res.dll
0x00000000042e0000 - 0x0000000004327000 	C:\Program Files\MATLAB\R2012a\bin\win64\boost_serialization-vc90-mt-1_44.dll
0x000007fefe360000 - 0x000007feff0e6000 	C:\Windows\system32\SHELL32.dll
0x000007fefdf40000 - 0x000007fefdfb1000 	C:\Windows\system32\SHLWAPI.dll
0x000007fef70e0000 - 0x000007fef7180000 	C:\Windows\WinSxS\amd64_microsoft.windows.common-controls_6595b64144ccf1df_5.82.7600.16661_none_a44e1fc257f685f6\COMCTL32.dll
0x000007fefe240000 - 0x000007fefe2d8000 	C:\Windows\system32\COMDLG32.dll
0x000007fefaaf0000 - 0x000007fefab06000 	C:\Windows\system32\NETAPI32.dll
0x000007fefaae0000 - 0x000007fefaaec000 	C:\Windows\system32\netutils.dll
0x000007fefd650000 - 0x000007fefd673000 	C:\Windows\system32\srvcli.dll
0x000007fefaac0000 - 0x000007fefaad5000 	C:\Windows\system32\wkscli.dll
0x000007feff200000 - 0x000007feff402000 	C:\Windows\system32\ole32.dll
0x000007feff6e0000 - 0x000007feff7b7000 	C:\Windows\system32\OLEAUT32.dll
0x0000000074970000 - 0x0000000074b06000 	C:\Program Files\MATLAB\R2012a\bin\win64\mcr.dll
0x0000000075000000 - 0x000000007536b000 	C:\Program Files\MATLAB\R2012a\bin\win64\iqm.dll
0x0000000070600000 - 0x0000000070e21000 	C:\Program Files\MATLAB\R2012a\bin\win64\m_interpreter.dll
0x0000000073980000 - 0x00000000739a5000 	C:\Program Files\MATLAB\R2012a\bin\win64\libmex.dll
0x00000000728e0000 - 0x0000000072993000 	C:\Program Files\MATLAB\R2012a\bin\win64\m_dispatcher.dll
0x0000000074880000 - 0x000000007496d000 	C:\Program Files\MATLAB\R2012a\bin\win64\boost_regex-vc90-mt-1_44.dll
0x0000000072a60000 - 0x0000000072ae4000 	C:\Program Files\MATLAB\R2012a\bin\win64\profiler.dll
0x00000000047b0000 - 0x0000000004a05000 	C:\Program Files\MATLAB\R2012a\bin\win64\libmwmathutil.dll
0x0000000079f40000 - 0x0000000079f6d000 	C:\Program Files\MATLAB\R2012a\bin\win64\libmwmathrng.dll
0x0000000074c10000 - 0x0000000074ced000 	C:\Program Files\MATLAB\R2012a\bin\win64\libmwmathcore.dll
0x0000000076160000 - 0x00000000761cb000 	C:\Program Files\MATLAB\R2012a\bin\win64\libmwspmatrix.dll
0x0000000075ea0000 - 0x0000000075f02000 	C:\Program Files\MATLAB\R2012a\bin\win64\libmwcholmod.dll
0x000000007a460000 - 0x000000007a46d000 	C:\Program Files\MATLAB\R2012a\bin\win64\libmwamd.dll
0x000000007a4b0000 - 0x000000007a4bc000 	C:\Program Files\MATLAB\R2012a\bin\win64\libmwcolamd.dll
0x0000000073910000 - 0x0000000073929000 	C:\Program Files\MATLAB\R2012a\bin\win64\libmwblas.dll
0x00000000738f0000 - 0x0000000073902000 	C:\Program Files\MATLAB\R2012a\bin\win64\libmwbinder.dll
0x00000000738e0000 - 0x00000000738eb000 	C:\Program Files\MATLAB\R2012a\bin\win64\libmwompwrapper.dll
0x0000000071680000 - 0x0000000071706000 	C:\Program Files\MATLAB\R2012a\bin\win64\libmwlapack.dll
0x0000000072fd0000 - 0x0000000072ff1000 	C:\Program Files\MATLAB\R2012a\bin\win64\m_pcodeio.dll
0x0000000079b10000 - 0x0000000079b77000 	C:\Program Files\MATLAB\R2012a\bin\win64\m_ir.dll
0x000000006ffb0000 - 0x0000000070600000 	C:\Program Files\MATLAB\R2012a\bin\win64\m_parser.dll
0x00000000738c0000 - 0x00000000738da000 	C:\Program Files\MATLAB\R2012a\bin\win64\ir_xfmr.dll
0x0000000071400000 - 0x0000000071679000 	C:\Program Files\MATLAB\R2012a\bin\win64\mcos.dll
0x0000000072fc0000 - 0x0000000072fcc000 	C:\Program Files\MATLAB\R2012a\bin\win64\mtok.dll
0x0000000072610000 - 0x0000000072641000 	C:\Program Files\MATLAB\R2012a\bin\win64\m_pcodegen.dll
0x0000000079fb0000 - 0x0000000079fe7000 	C:\Program Files\MATLAB\R2012a\bin\win64\libmwbridge.dll
0x0000000071330000 - 0x00000000713f8000 	C:\Program Files\MATLAB\R2012a\bin\win64\udd.dll
0x000000006fe50000 - 0x000000006ffa2000 	C:\Program Files\MATLAB\R2012a\bin\win64\libmwgui.dll
0x0000000072fa0000 - 0x0000000072fb7000 	C:\Program Files\MATLAB\R2012a\bin\win64\graphics_util.dll
0x000000006b0d0000 - 0x000000006ba73000 	C:\Program Files\MATLAB\R2012a\bin\win64\hg.dll
0x0000000004b80000 - 0x0000000004be7000 	C:\Program Files\MATLAB\R2012a\bin\win64\libmat.dll
0x0000000004c00000 - 0x0000000004e14000 	C:\Program Files\MATLAB\R2012a\bin\win64\hdf5dll.dll
0x0000000075710000 - 0x00000000757c1000 	C:\Program Files\MATLAB\R2012a\bin\win64\jmi.dll
0x0000000004e40000 - 0x0000000004e4e000 	C:\Program Files\MATLAB\R2012a\bin\win64\nativejava_services.dll
0x0000000072470000 - 0x00000000724b2000 	C:\Program Files\MATLAB\R2012a\bin\win64\libmwhardcopy.dll
0x00000000712d0000 - 0x000000007132a000 	C:\Program Files\MATLAB\R2012a\bin\win64\libuij.dll
0x000000006fc40000 - 0x000000006fe4c000 	C:\Program Files\MATLAB\R2012a\bin\win64\hgdatatypes.dll
0x00000000711d0000 - 0x00000000712cd000 	C:\Program Files\MATLAB\R2012a\bin\win64\hgutils.dll
0x000000006fb80000 - 0x000000006fc3d000 	C:\Program Files\MATLAB\R2012a\bin\win64\udd_mi.dll
0x0000000004eb0000 - 0x0000000004eeb000 	C:\Program Files\MATLAB\R2012a\bin\win64\libmwgbtutils.dll
0x0000000004f00000 - 0x0000000004f19000 	C:\Program Files\MATLAB\R2012a\bin\win64\libmwgbt.dll
0x0000000004f30000 - 0x00000000051fa000 	C:\Program Files\MATLAB\R2012a\bin\win64\uiw.dll
0x0000000072cb0000 - 0x0000000072cbf000 	C:\Program Files\MATLAB\R2012a\bin\win64\uinone.dll
0x000007fefa760000 - 0x000007fefa778000 	C:\Windows\system32\MPR.dll
0x000000006f2f0000 - 0x000000006f7d4000 	C:\Windows\WinSxS\amd64_microsoft.vc90.mfc_1fc8b3b9a1e18e3b_9.0.30729.6161_none_044aad0bab1eb146\mfc90.dll
0x000007fefa010000 - 0x000007fefa017000 	C:\Windows\system32\MSIMG32.dll
0x000007fef8a90000 - 0x000007fef8b00000 	C:\Windows\system32\WINSPOOL.DRV
0x0000000072c90000 - 0x0000000072cb0000 	C:\Program Files\MATLAB\R2012a\bin\win64\mwoles05.DLL
0x0000000071150000 - 0x00000000711cc000 	C:\Program Files\MATLAB\R2012a\bin\win64\comcli.dll
0x00000000728b0000 - 0x00000000728df000 	C:\Windows\WinSxS\amd64_microsoft.vc90.atl_1fc8b3b9a1e18e3b_9.0.30729.6161_none_0a1fd3a3a768b895\ATL90.DLL
0x0000000072a50000 - 0x0000000072a5c000 	C:\Program Files\MATLAB\R2012a\bin\win64\mlautoregister.dll
0x0000000005250000 - 0x0000000005260000 	C:\Program Files\MATLAB\R2012a\bin\win64\boost_iostreams-vc90-mt-1_44.dll
0x000007fefdfc0000 - 0x000007fefdfee000 	C:\Windows\system32\IMM32.DLL
0x000007feff0f0000 - 0x000007feff1f9000 	C:\Windows\system32\MSCTF.dll
0x000007fefb2c0000 - 0x000007fefb316000 	C:\Windows\system32\UxTheme.dll
0x000007fefae70000 - 0x000007fefae88000 	C:\Windows\system32\dwmapi.dll
0x0000000073970000 - 0x000000007397d000 	C:\Windows\WinSxS\amd64_microsoft.vc90.mfcloc_1fc8b3b9a1e18e3b_9.0.30729.6161_none_01c9581e60cbee58\MFC90ENU.DLL
0x00000000053c0000 - 0x00000000053e9000 	C:\Program Files\MATLAB\R2012a\bin\win64\tbbmalloc.dll
0x000007fefdb20000 - 0x000007fefdb2f000 	C:\Windows\system32\profapi.dll
0x000007fefab30000 - 0x000007fefab3f000 	C:\Program Files\MATLAB\R2012a\bin\win64\xmlxrcsc.dll
0x000007fefda10000 - 0x000007fefda1f000 	C:\Windows\system32\CRYPTBASE.dll
0x000007fefc780000 - 0x000007fefc974000 	C:\Windows\WinSxS\amd64_microsoft.windows.common-controls_6595b64144ccf1df_6.0.7600.16661_none_fa62ad231704eab7\comctl32.dll
0x000007feff420000 - 0x000007feff5f7000 	C:\Windows\system32\SETUPAPI.dll
0x000007fefde90000 - 0x000007fefdec6000 	C:\Windows\system32\CFGMGR32.dll
0x000007fefded0000 - 0x000007fefdeea000 	C:\Windows\system32\DEVOBJ.dll
0x000007fefe0b0000 - 0x000007fefe149000 	C:\Windows\system32\CLBCatQ.DLL
0x000007fefc490000 - 0x000007fefc5bc000 	C:\Windows\system32\propsys.dll
0x000007fefc390000 - 0x000007fefc3bd000 	C:\Windows\system32\ntmarta.dll
0x000007fefe150000 - 0x000007fefe1a0000 	C:\Windows\system32\WLDAP32.dll
0x0000000078870000 - 0x0000000078ecd000 	C:\Program Files\MATLAB\R2012a\sys\java\jre\win64\jre\bin\server\jvm.dll
0x000007fefa8a0000 - 0x000007fefa8db000 	C:\Windows\system32\WINMM.dll
0x000007fefa580000 - 0x000007fefa5a7000 	C:\Windows\system32\iphlpapi.dll
0x000007fefa570000 - 0x000007fefa57b000 	C:\Windows\system32\WINNSI.DLL

VM Arguments:
jvm_args: -Xss512k -XX:PermSize=32m -Xms64m -XX:NewRatio=3 -XX:MaxPermSize=128m -Xmx196m -XX:MaxDirectMemorySize=2147400000 -Dsun.java2d.noddraw=true -Dsun.awt.nopixfmt=true -Xshare:off -Xrs -Dsun.awt.disableMixing=true -Djava.library.path=C:\Program Files\MATLAB\R2012a\bin\win64 vfprintf abort 
java_command: <unknown>
Launcher Type: generic

Environment Variables:
PATH=c:\Program Files (x86)\NVIDIA Corporation\PhysX\Common;C:\Windows\system32;C:\Windows;C:\Windows\System32\Wbem;C:\Windows\System32\WindowsPowerShell\v1.0\;C:\CUDA\bin64;C:\Program Files\MATLAB\R2012a\runtime\win64;C:\Program Files\MATLAB\R2012a\bin
USERNAME=Brian Hong
OS=Windows_NT
PROCESSOR_IDENTIFIER=Intel64 Family 6 Model 26 Stepping 5, GenuineIntel



---------------  S Y S T E M  ---------------

OS: Windows 7 Build 7600 

CPU:total 8 (8 cores per cpu, 2 threads per core) family 6 model 26 stepping 5, cmov, cx8, fxsr, mmx, sse, sse2, sse3, ssse3, sse4.1, sse4.2, ht

Memory: 4k page, physical 8379512k(5724664k free), swap 16757120k(13976048k free)

vm_info: Java HotSpot(TM) 64-Bit Server VM (14.3-b01) for windows-amd64 JRE (1.6.0_17-b04), built on Oct 11 2009 00:46:08 by "java_re" with MS VC++ 8.0

time: Mon Jun 11 14:52:51 2012
elapsed time: 252379 seconds

