#
# A fatal error has been detected by the Java Runtime Environment:
#
#  Internal Error (os_windows_x86.cpp:114), pid=516, tid=3524
#  Error: guarantee(result == -1,"Unexpected result from topLevelExceptionFilter")
#
# JRE version: 6.0_17-b04
# Java VM: Java HotSpot(TM) 64-Bit Server VM (14.3-b01 mixed mode windows-amd64 )
# If you would like to submit a bug report, please visit:
#   http://java.sun.com/webapps/bugreport/crash.jsp
# The crash happened outside the Java Virtual Machine in native code.
# See problematic frame for where to report the bug.
#

---------------  T H R E A D  ---------------

Current thread (0x000000000586f000):  JavaThread "main" [_thread_in_native, id=3524, stack(0x0000000000120000,0x0000000004120000)]

Stack: [0x0000000000120000,0x0000000004120000]
[error occurred during error reporting (printing stack bounds), id 0xc0000005]

Java frames: (J=compiled Java code, j=interpreted, Vv=VM code)
j  com.mathworks.jmi.NativeMatlab.ProcessPendingEvents()Z+0
j  com.mathworks.jmi.NativeMatlab.processPendingEvents()Z+8
j  com.mathworks.jmi.Matlab$ProcessPendingEvents.callBooleanMethod(Ljava/lang/Object;)Z+0
j  com.mathworks.util.FactoryUtils.processPendingEvents()Z+12
j  com.mathworks.widgets.desk.Desktop.canClose()Z+38
j  com.mathworks.mde.desk.MLDesktop.canClose()Z+113
j  com.mathworks.mde.desk.MLDesktop$2.call()Ljava/lang/Boolean;+4
j  com.mathworks.mde.desk.MLDesktop$2.call()Ljava/lang/Object;+1
j  com.mathworks.jmi.Matlab.isOkToExit()Z+54
v  ~StubRoutines::call_stub
j  com.mathworks.jmi.NativeMatlab.SendMatlabMessage(Ljava/lang/Object;)Ljava/lang/Object;+0
j  com.mathworks.jmi.NativeMatlab.sendMatlabMessage(Ljava/lang/Object;)Ljava/lang/Object;+22
j  com.mathworks.jmi.MatlabLooper.sendMatlabMessage(Lcom/mathworks/services/message/MWMessage;)Ljava/lang/Object;+20
j  com.mathworks.jmi.Matlab.mtFevalConsoleOutput(Ljava/lang/String;[Ljava/lang/Object;I)Ljava/lang/Object;+58
j  com.mathworks.mde.desk.MLDesktop$9.run()V+14
j  com.mathworks.jmi.NativeMatlab.dispatchMTRequests(Z)V+57
v  ~StubRoutines::call_stub

---------------  P R O C E S S  ---------------

Java Threads: ( => current thread )
  0x000000008c5a4000 JavaThread "FileDecorationCache request queue" [_thread_blocked, id=3708, stack(0x0000000084040000,0x00000000840c0000)]
  0x000000008c5a6000 JavaThread "Code Analyzer updating thread" [_thread_blocked, id=4664, stack(0x0000000079e40000,0x0000000079ec0000)]
  0x000000008c5a8800 JavaThread "Code Analyzer updating thread" [_thread_blocked, id=4080, stack(0x0000000079c50000,0x0000000079cd0000)]
  0x000000008c5a7000 JavaThread "Prefs Updater" daemon [_thread_blocked, id=4200, stack(0x0000000018b90000,0x0000000018c10000)]
  0x000000006dae8800 JavaThread "Active Reference Queue Daemon" daemon [_thread_blocked, id=4108, stack(0x000000006ece0000,0x000000006ed60000)]
  0x000000006dae7800 JavaThread "Timer-8" daemon [_thread_blocked, id=4856, stack(0x000000005cfd0000,0x000000005d050000)]
  0x000000006dae6800 JavaThread "Timer-7" daemon [_thread_blocked, id=4900, stack(0x000000006ec50000,0x000000006ecd0000)]
  0x000000006dae5800 JavaThread "Explorer NavigationContext request queue" [_thread_blocked, id=1664, stack(0x0000000058e60000,0x0000000058ee0000)]
  0x000000006dae3800 JavaThread "AddressBar directory emptiness poller" [_thread_blocked, id=1720, stack(0x000000006e250000,0x000000006e2d0000)]
  0x000000006dae2000 JavaThread "Timer-1" [_thread_blocked, id=628, stack(0x000000005cf40000,0x000000005cfc0000)]
  0x000000006dae1000 JavaThread "TimerQueue" daemon [_thread_blocked, id=3696, stack(0x0000000050bf0000,0x0000000050c70000)]
  0x000000006d9f0000 JavaThread "FelixPackageAdmin" daemon [_thread_blocked, id=4704, stack(0x000000004c9e0000,0x000000004ca60000)]
  0x000000006d9ef800 JavaThread "FelixStartLevel" daemon [_thread_blocked, id=4764, stack(0x0000000018ee0000,0x0000000018f60000)]
  0x000000006d9ee800 JavaThread "FelixDispatchQueue" daemon [_thread_blocked, id=2396, stack(0x000000002d230000,0x000000002d2b0000)]
  0x000000006d80b000 JavaThread "AWT-EventQueue-0" [_thread_in_native, id=5060, stack(0x000000002d390000,0x000000002d410000)]
  0x000000006dae0800 JavaThread "com.google.common.base.internal.Finalizer" daemon [_thread_blocked, id=3508, stack(0x000000002d2f0000,0x000000002d370000)]
  0x000000006da40800 JavaThread "AWT-Windows" daemon [_thread_in_native, id=4756, stack(0x0000000025060000,0x00000000250e0000)]
  0x000000006da3d800 JavaThread "AWT-Shutdown" [_thread_blocked, id=3976, stack(0x000000000eef0000,0x000000000ef70000)]
  0x000000006da3d000 JavaThread "Java2D Disposer" daemon [_thread_blocked, id=3780, stack(0x000000000ff20000,0x000000000ffa0000)]
  0x000000006d524800 JavaThread "Timer-0" [_thread_blocked, id=2584, stack(0x000000000fea0000,0x000000000ff20000)]
  0x000000000f897000 JavaThread "EventMgr Dispatcher" daemon [_thread_in_native, id=3532, stack(0x0000000018f80000,0x000000001cf80000)]
  0x000000000ec4c000 JavaThread "Low Memory Detector" daemon [_thread_blocked, id=4968, stack(0x000000000eff0000,0x000000000f070000)]
  0x000000000ec45000 JavaThread "CompilerThread1" daemon [_thread_blocked, id=4636, stack(0x00000000840d0000,0x00000000880d0000)]
  0x000000000ec3f000 JavaThread "CompilerThread0" daemon [_thread_blocked, id=3212, stack(0x0000000080000000,0x0000000084000000)]
  0x000000000ec3e000 JavaThread "Attach Listener" daemon [_thread_blocked, id=2204, stack(0x000000000ea00000,0x000000000ea80000)]
  0x000000000ebe5800 JavaThread "Finalizer" daemon [_thread_blocked, id=4352, stack(0x000000000ee00000,0x000000000ee80000)]
  0x000000000ebdb000 JavaThread "Reference Handler" daemon [_thread_blocked, id=1828, stack(0x000000000ecc0000,0x000000000ed40000)]
=>0x000000000586f000 JavaThread "main" [_thread_in_native, id=3524, stack(0x0000000000120000,0x0000000004120000)]

Other Threads:
  0x000000000ebd6000 VMThread [stack: 0x0000000069240000,0x000000006d240000] [id=2828]
  0x000000000ec78800 WatcherThread [stack: 0x00000000881e0000,0x000000008c1e0000] [id=4188]

VM state:not at safepoint (normal execution)

VM Mutex/Monitor currently owned by a thread: None

Heap
 PSYoungGen      total 14592K, used 12169K [0x0000000045710000, 0x00000000468c0000, 0x0000000048810000)
  eden space 12352K, 80% used [0x0000000045710000,0x00000000460c7380,0x0000000046320000)
  from space 2240K, 99% used [0x0000000046330000,0x000000004655b1c8,0x0000000046560000)
  to   space 2880K, 0% used [0x00000000465f0000,0x00000000465f0000,0x00000000468c0000)
 PSOldGen        total 107328K, used 70739K [0x000000003c410000, 0x0000000042ce0000, 0x0000000045710000)
  object space 107328K, 65% used [0x000000003c410000,0x0000000040924d00,0x0000000042ce0000)
 PSPermGen       total 126272K, used 66756K [0x0000000034410000, 0x000000003bf60000, 0x000000003c410000)
  object space 126272K, 52% used [0x0000000034410000,0x00000000385411d8,0x000000003bf60000)

Dynamic libraries:
0x000000013f7e0000 - 0x000000013f812000 	C:\Program Files\MATLAB\R2012a\bin\win64\MATLAB.exe
0x00000000776b0000 - 0x000000007785c000 	C:\Windows\SYSTEM32\ntdll.dll
0x0000000077430000 - 0x000000007754f000 	C:\Windows\system32\kernel32.dll
0x000007fefde20000 - 0x000007fefde8c000 	C:\Windows\system32\KERNELBASE.dll
0x0000000074460000 - 0x0000000074554000 	C:\Program Files\MATLAB\R2012a\bin\win64\libut.dll
0x00000000758a0000 - 0x0000000075952000 	C:\Program Files\MATLAB\R2012a\bin\win64\libmwi18n.dll
0x0000000180000000 - 0x000000018000b000 	C:\Program Files\MATLAB\R2012a\bin\win64\libmwresource_core.dll
0x0000000004120000 - 0x00000000041f3000 	C:\Windows\WinSxS\amd64_microsoft.vc90.crt_1fc8b3b9a1e18e3b_9.0.30729.6161_none_08e61857a83bc251\MSVCP90.dll
0x0000000070fb0000 - 0x0000000071053000 	C:\Windows\WinSxS\amd64_microsoft.vc90.crt_1fc8b3b9a1e18e3b_9.0.30729.6161_none_08e61857a83bc251\MSVCR90.dll
0x000000007a170000 - 0x000000007a19c000 	C:\Program Files\MATLAB\R2012a\bin\win64\boost_filesystem-vc90-mt-1_44.dll
0x000000007a560000 - 0x000000007a569000 	C:\Program Files\MATLAB\R2012a\bin\win64\boost_system-vc90-mt-1_44.dll
0x000007feff600000 - 0x000007feff6db000 	C:\Windows\system32\ADVAPI32.dll
0x000007fefe1a0000 - 0x000007fefe23f000 	C:\Windows\system32\msvcrt.dll
0x000007fefe010000 - 0x000007fefe02f000 	C:\Windows\SYSTEM32\sechost.dll
0x000007feff890000 - 0x000007feff9be000 	C:\Windows\system32\RPCRT4.dll
0x000000007a010000 - 0x000000007a035000 	C:\Program Files\MATLAB\R2012a\bin\win64\LIBEXPAT.dll
0x0000000004390000 - 0x0000000004581000 	C:\Program Files\MATLAB\R2012a\bin\win64\icuin44.dll
0x00000000740f0000 - 0x0000000074261000 	C:\Program Files\MATLAB\R2012a\bin\win64\icuuc44.dll
0x0000000010000000 - 0x0000000010e41000 	C:\Program Files\MATLAB\R2012a\bin\win64\icudt44.dll
0x0000000073f70000 - 0x00000000740ad000 	C:\Program Files\MATLAB\R2012a\bin\win64\libmwfl.dll
0x0000000004590000 - 0x0000000004886000 	C:\Program Files\MATLAB\R2012a\bin\win64\libmwMATLAB_res.dll
0x000000007a3b0000 - 0x000000007a3c0000 	C:\Program Files\MATLAB\R2012a\bin\win64\boost_date_time-vc90-mt-1_44.dll
0x000000007a250000 - 0x000000007a263000 	C:\Program Files\MATLAB\R2012a\bin\win64\boost_signals-vc90-mt-1_44.dll
0x000000007a2d0000 - 0x000000007a2e2000 	C:\Program Files\MATLAB\R2012a\bin\win64\boost_thread-vc90-mt-1_44.dll
0x0000000004890000 - 0x00000000048d6000 	C:\Program Files\MATLAB\R2012a\bin\win64\tbb.dll
0x000007fefdff0000 - 0x000007fefe009000 	C:\Windows\system32\imagehlp.dll
0x0000000077880000 - 0x0000000077887000 	C:\Windows\system32\PSAPI.DLL
0x00000000740d0000 - 0x00000000740e3000 	C:\Program Files\MATLAB\R2012a\bin\win64\icuio44.dll
0x000007fef2b40000 - 0x000007fef2c65000 	C:\Windows\system32\dbghelp.dll
0x0000000077330000 - 0x000000007742a000 	C:\Windows\system32\USER32.dll
0x000007fefe040000 - 0x000007fefe0a7000 	C:\Windows\system32\GDI32.dll
0x000007fefe030000 - 0x000007fefe03e000 	C:\Windows\system32\LPK.dll
0x000007feff7c0000 - 0x000007feff88a000 	C:\Windows\system32\USP10.dll
0x000000007bed0000 - 0x000000007c183000 	C:\Program Files\MATLAB\R2012a\bin\win64\libmwservices.dll
0x0000000075a20000 - 0x0000000075ae2000 	C:\Program Files\MATLAB\R2012a\bin\win64\libmx.dll
0x000000007a210000 - 0x000000007a228000 	C:\Program Files\MATLAB\R2012a\bin\win64\zlib1.dll
0x0000000004910000 - 0x0000000004931000 	C:\Program Files\MATLAB\R2012a\bin\win64\libmwmfl_scalar.dll
0x0000000075f10000 - 0x0000000075f5d000 	C:\Program Files\MATLAB\R2012a\bin\win64\mpath.dll
0x000000007b680000 - 0x000000007bbe1000 	C:\Program Files\MATLAB\R2012a\bin\win64\mlutil.dll
0x0000000004970000 - 0x00000000049ef000 	C:\Program Files\MATLAB\R2012a\bin\win64\xmlcore.dll
0x000000007bc30000 - 0x000000007be83000 	C:\Program Files\MATLAB\R2012a\bin\win64\xerces-c_2_7.dll
0x000007fefdef0000 - 0x000007fefdf3d000 	C:\Windows\system32\WS2_32.dll
0x000007feff410000 - 0x000007feff418000 	C:\Windows\system32\NSI.dll
0x0000000004a10000 - 0x0000000004a2a000 	C:\Program Files\MATLAB\R2012a\bin\win64\libmwMATLAB_settings_res.dll
0x0000000004a40000 - 0x0000000004a87000 	C:\Program Files\MATLAB\R2012a\bin\win64\boost_serialization-vc90-mt-1_44.dll
0x000007fefe360000 - 0x000007feff0e6000 	C:\Windows\system32\SHELL32.dll
0x000007fefdf40000 - 0x000007fefdfb1000 	C:\Windows\system32\SHLWAPI.dll
0x000007fef82d0000 - 0x000007fef8370000 	C:\Windows\WinSxS\amd64_microsoft.windows.common-controls_6595b64144ccf1df_5.82.7600.16661_none_a44e1fc257f685f6\COMCTL32.dll
0x000007fefe240000 - 0x000007fefe2d8000 	C:\Windows\system32\COMDLG32.dll
0x000007fefaaf0000 - 0x000007fefab06000 	C:\Windows\system32\NETAPI32.dll
0x000007fefaae0000 - 0x000007fefaaec000 	C:\Windows\system32\netutils.dll
0x000007fefd650000 - 0x000007fefd673000 	C:\Windows\system32\srvcli.dll
0x000007fefaac0000 - 0x000007fefaad5000 	C:\Windows\system32\wkscli.dll
0x000007feff200000 - 0x000007feff402000 	C:\Windows\system32\ole32.dll
0x000007feff6e0000 - 0x000007feff7b7000 	C:\Windows\system32\OLEAUT32.dll
0x0000000074970000 - 0x0000000074b06000 	C:\Program Files\MATLAB\R2012a\bin\win64\mcr.dll
0x0000000075000000 - 0x000000007536b000 	C:\Program Files\MATLAB\R2012a\bin\win64\iqm.dll
0x0000000071b60000 - 0x0000000072381000 	C:\Program Files\MATLAB\R2012a\bin\win64\m_interpreter.dll
0x0000000004ad0000 - 0x0000000004af5000 	C:\Program Files\MATLAB\R2012a\bin\win64\libmex.dll
0x0000000004b10000 - 0x0000000004bc3000 	C:\Program Files\MATLAB\R2012a\bin\win64\m_dispatcher.dll
0x0000000074880000 - 0x000000007496d000 	C:\Program Files\MATLAB\R2012a\bin\win64\boost_regex-vc90-mt-1_44.dll
0x0000000073ed0000 - 0x0000000073f54000 	C:\Program Files\MATLAB\R2012a\bin\win64\profiler.dll
0x0000000004c00000 - 0x0000000004e55000 	C:\Program Files\MATLAB\R2012a\bin\win64\libmwmathutil.dll
0x0000000079f40000 - 0x0000000079f6d000 	C:\Program Files\MATLAB\R2012a\bin\win64\libmwmathrng.dll
0x0000000074c10000 - 0x0000000074ced000 	C:\Program Files\MATLAB\R2012a\bin\win64\libmwmathcore.dll
0x0000000076160000 - 0x00000000761cb000 	C:\Program Files\MATLAB\R2012a\bin\win64\libmwspmatrix.dll
0x0000000075ea0000 - 0x0000000075f02000 	C:\Program Files\MATLAB\R2012a\bin\win64\libmwcholmod.dll
0x000000007a460000 - 0x000000007a46d000 	C:\Program Files\MATLAB\R2012a\bin\win64\libmwamd.dll
0x000000007a4b0000 - 0x000000007a4bc000 	C:\Program Files\MATLAB\R2012a\bin\win64\libmwcolamd.dll
0x0000000073eb0000 - 0x0000000073ec9000 	C:\Program Files\MATLAB\R2012a\bin\win64\libmwblas.dll
0x0000000073e90000 - 0x0000000073ea2000 	C:\Program Files\MATLAB\R2012a\bin\win64\libmwbinder.dll
0x0000000073e80000 - 0x0000000073e8b000 	C:\Program Files\MATLAB\R2012a\bin\win64\libmwompwrapper.dll
0x0000000073df0000 - 0x0000000073e76000 	C:\Program Files\MATLAB\R2012a\bin\win64\libmwlapack.dll
0x0000000073dc0000 - 0x0000000073de1000 	C:\Program Files\MATLAB\R2012a\bin\win64\m_pcodeio.dll
0x0000000079b10000 - 0x0000000079b77000 	C:\Program Files\MATLAB\R2012a\bin\win64\m_ir.dll
0x0000000071510000 - 0x0000000071b60000 	C:\Program Files\MATLAB\R2012a\bin\win64\m_parser.dll
0x0000000073da0000 - 0x0000000073dba000 	C:\Program Files\MATLAB\R2012a\bin\win64\ir_xfmr.dll
0x0000000072ef0000 - 0x0000000073169000 	C:\Program Files\MATLAB\R2012a\bin\win64\mcos.dll
0x0000000073d90000 - 0x0000000073d9c000 	C:\Program Files\MATLAB\R2012a\bin\win64\mtok.dll
0x0000000073d50000 - 0x0000000073d81000 	C:\Program Files\MATLAB\R2012a\bin\win64\m_pcodegen.dll
0x0000000079fb0000 - 0x0000000079fe7000 	C:\Program Files\MATLAB\R2012a\bin\win64\libmwbridge.dll
0x0000000073c80000 - 0x0000000073d48000 	C:\Program Files\MATLAB\R2012a\bin\win64\udd.dll
0x0000000072d90000 - 0x0000000072ee2000 	C:\Program Files\MATLAB\R2012a\bin\win64\libmwgui.dll
0x0000000073c60000 - 0x0000000073c77000 	C:\Program Files\MATLAB\R2012a\bin\win64\graphics_util.dll
0x0000000070480000 - 0x0000000070e23000 	C:\Program Files\MATLAB\R2012a\bin\win64\hg.dll
0x0000000004fd0000 - 0x0000000005037000 	C:\Program Files\MATLAB\R2012a\bin\win64\libmat.dll
0x0000000005050000 - 0x0000000005264000 	C:\Program Files\MATLAB\R2012a\bin\win64\hdf5dll.dll
0x0000000075710000 - 0x00000000757c1000 	C:\Program Files\MATLAB\R2012a\bin\win64\jmi.dll
0x0000000005290000 - 0x000000000529e000 	C:\Program Files\MATLAB\R2012a\bin\win64\nativejava_services.dll
0x0000000073c10000 - 0x0000000073c52000 	C:\Program Files\MATLAB\R2012a\bin\win64\libmwhardcopy.dll
0x0000000073980000 - 0x00000000739da000 	C:\Program Files\MATLAB\R2012a\bin\win64\libuij.dll
0x0000000071300000 - 0x000000007150c000 	C:\Program Files\MATLAB\R2012a\bin\win64\hgdatatypes.dll
0x0000000072c90000 - 0x0000000072d8d000 	C:\Program Files\MATLAB\R2012a\bin\win64\hgutils.dll
0x0000000071240000 - 0x00000000712fd000 	C:\Program Files\MATLAB\R2012a\bin\win64\udd_mi.dll
0x0000000005300000 - 0x000000000533b000 	C:\Program Files\MATLAB\R2012a\bin\win64\libmwgbtutils.dll
0x0000000005350000 - 0x0000000005369000 	C:\Program Files\MATLAB\R2012a\bin\win64\libmwgbt.dll
0x0000000005380000 - 0x000000000564a000 	C:\Program Files\MATLAB\R2012a\bin\win64\uiw.dll
0x0000000073c00000 - 0x0000000073c0f000 	C:\Program Files\MATLAB\R2012a\bin\win64\uinone.dll
0x000007fefa760000 - 0x000007fefa778000 	C:\Windows\system32\MPR.dll
0x000000006ff90000 - 0x0000000070474000 	C:\Windows\WinSxS\amd64_microsoft.vc90.mfc_1fc8b3b9a1e18e3b_9.0.30729.6161_none_044aad0bab1eb146\mfc90.dll
0x000007fefa010000 - 0x000007fefa017000 	C:\Windows\system32\MSIMG32.dll
0x000007fef8a90000 - 0x000007fef8b00000 	C:\Windows\system32\WINSPOOL.DRV
0x0000000073960000 - 0x0000000073980000 	C:\Program Files\MATLAB\R2012a\bin\win64\mwoles05.DLL
0x0000000072a70000 - 0x0000000072aec000 	C:\Program Files\MATLAB\R2012a\bin\win64\comcli.dll
0x0000000073930000 - 0x000000007395f000 	C:\Windows\WinSxS\amd64_microsoft.vc90.atl_1fc8b3b9a1e18e3b_9.0.30729.6161_none_0a1fd3a3a768b895\ATL90.DLL
0x0000000073bf0000 - 0x0000000073bfc000 	C:\Program Files\MATLAB\R2012a\bin\win64\mlautoregister.dll
0x00000000056a0000 - 0x00000000056b0000 	C:\Program Files\MATLAB\R2012a\bin\win64\boost_iostreams-vc90-mt-1_44.dll
0x000007fefdfc0000 - 0x000007fefdfee000 	C:\Windows\system32\IMM32.DLL
0x000007feff0f0000 - 0x000007feff1f9000 	C:\Windows\system32\MSCTF.dll
0x000007fefb2c0000 - 0x000007fefb316000 	C:\Windows\system32\UxTheme.dll
0x000007fefae70000 - 0x000007fefae88000 	C:\Windows\system32\dwmapi.dll
0x0000000073920000 - 0x000000007392d000 	C:\Windows\WinSxS\amd64_microsoft.vc90.mfcloc_1fc8b3b9a1e18e3b_9.0.30729.6161_none_01c9581e60cbee58\MFC90ENU.DLL
0x0000000005810000 - 0x0000000005839000 	C:\Program Files\MATLAB\R2012a\bin\win64\tbbmalloc.dll
0x000007fefdb20000 - 0x000007fefdb2f000 	C:\Windows\system32\profapi.dll
0x000007fefac80000 - 0x000007fefac8f000 	C:\Program Files\MATLAB\R2012a\bin\win64\xmlxrcsc.dll
0x000007fefda10000 - 0x000007fefda1f000 	C:\Windows\system32\CRYPTBASE.dll
0x000007fefc780000 - 0x000007fefc974000 	C:\Windows\WinSxS\amd64_microsoft.windows.common-controls_6595b64144ccf1df_6.0.7600.16661_none_fa62ad231704eab7\comctl32.dll
0x000007feff420000 - 0x000007feff5f7000 	C:\Windows\system32\SETUPAPI.dll
0x000007fefde90000 - 0x000007fefdec6000 	C:\Windows\system32\CFGMGR32.dll
0x000007fefded0000 - 0x000007fefdeea000 	C:\Windows\system32\DEVOBJ.dll
0x000007fefe0b0000 - 0x000007fefe149000 	C:\Windows\system32\CLBCatQ.DLL
0x000007fefc490000 - 0x000007fefc5bc000 	C:\Windows\system32\propsys.dll
0x000007fefc390000 - 0x000007fefc3bd000 	C:\Windows\system32\ntmarta.dll
0x000007fefe150000 - 0x000007fefe1a0000 	C:\Windows\system32\WLDAP32.dll
0x0000000078870000 - 0x0000000078ecd000 	C:\Program Files\MATLAB\R2012a\sys\java\jre\win64\jre\bin\server\jvm.dll
0x000007fefa8a0000 - 0x000007fefa8db000 	C:\Windows\system32\WINMM.dll
0x000007fefa580000 - 0x000007fefa5a7000 	C:\Windows\system32\iphlpapi.dll
0x000007fefa570000 - 0x000007fefa57b000 	C:\Windows\system32\WINNSI.DLL

VM Arguments:
jvm_args: -Xss512k -XX:PermSize=32m -Xms64m -XX:NewRatio=3 -XX:MaxPermSize=128m -Xmx196m -XX:MaxDirectMemorySize=2147400000 -Dsun.java2d.noddraw=true -Dsun.awt.nopixfmt=true -Xshare:off -Xrs -Dsun.awt.disableMixing=true -Djava.library.path=C:\Program Files\MATLAB\R2012a\bin\win64 vfprintf abort 
java_command: <unknown>
Launcher Type: generic

Environment Variables:
PATH=c:\Program Files (x86)\NVIDIA Corporation\PhysX\Common;C:\Windows\system32;C:\Windows;C:\Windows\System32\Wbem;C:\Windows\System32\WindowsPowerShell\v1.0\;C:\CUDA\bin64;C:\Program Files\MATLAB\R2012a\runtime\win64;C:\Program Files\MATLAB\R2012a\bin
USERNAME=Brian Hong
OS=Windows_NT
PROCESSOR_IDENTIFIER=Intel64 Family 6 Model 26 Stepping 5, GenuineIntel



---------------  S Y S T E M  ---------------

OS: Windows 7 Build 7600 

CPU:total 8 (8 cores per cpu, 2 threads per core) family 6 model 26 stepping 5, cmov, cx8, fxsr, mmx, sse, sse2, sse3, ssse3, sse4.1, sse4.2, ht

Memory: 4k page, physical 8379512k(5579128k free), swap 16757120k(13754492k free)

vm_info: Java HotSpot(TM) 64-Bit Server VM (14.3-b01) for windows-amd64 JRE (1.6.0_17-b04), built on Oct 11 2009 00:46:08 by "java_re" with MS VC++ 8.0

time: Fri Jun 08 16:15:14 2012
elapsed time: 2631 seconds

