#
# A fatal error has been detected by the Java Runtime Environment:
#
#  Internal Error (os_windows_x86.cpp:114), pid=4336, tid=4208
#  Error: guarantee(result == -1,"Unexpected result from topLevelExceptionFilter")
#
# JRE version: 6.0_17-b04
# Java VM: Java HotSpot(TM) 64-Bit Server VM (14.3-b01 mixed mode windows-amd64 )
# If you would like to submit a bug report, please visit:
#   http://java.sun.com/webapps/bugreport/crash.jsp
# The crash happened outside the Java Virtual Machine in native code.
# See problematic frame for where to report the bug.
#

---------------  T H R E A D  ---------------

Current thread (0x000000000552f000):  JavaThread "main" [_thread_in_native, id=4208, stack(0x00000000000d0000,0x00000000040d0000)]

Stack: [0x00000000000d0000,0x00000000040d0000]
[error occurred during error reporting (printing stack bounds), id 0xc0000005]

Java frames: (J=compiled Java code, j=interpreted, Vv=VM code)
j  com.mathworks.jmi.NativeMatlab.ProcessPendingEvents()Z+0
j  com.mathworks.jmi.NativeMatlab.processPendingEvents()Z+8
j  com.mathworks.jmi.Matlab$ProcessPendingEvents.callBooleanMethod(Ljava/lang/Object;)Z+0
j  com.mathworks.util.FactoryUtils.processPendingEvents()Z+12
j  com.mathworks.mde.desk.MLDesktop.canClose()Z+84
j  com.mathworks.mde.desk.MLDesktop$2.call()Ljava/lang/Boolean;+4
j  com.mathworks.mde.desk.MLDesktop$2.call()Ljava/lang/Object;+1
j  com.mathworks.jmi.Matlab.isOkToExit()Z+54
v  ~StubRoutines::call_stub
j  com.mathworks.jmi.NativeMatlab.SendMatlabMessage(Ljava/lang/Object;)Ljava/lang/Object;+0
j  com.mathworks.jmi.NativeMatlab.sendMatlabMessage(Ljava/lang/Object;)Ljava/lang/Object;+22
j  com.mathworks.jmi.MatlabLooper.sendMatlabMessage(Lcom/mathworks/services/message/MWMessage;)Ljava/lang/Object;+20
j  com.mathworks.jmi.Matlab.mtFevalConsoleOutput(Ljava/lang/String;[Ljava/lang/Object;I)Ljava/lang/Object;+58
j  com.mathworks.mde.desk.MLDesktop$9.run()V+14
j  com.mathworks.jmi.NativeMatlab.dispatchMTRequests(Z)V+57
v  ~StubRoutines::call_stub

---------------  P R O C E S S  ---------------

Java Threads: ( => current thread )
  0x0000000061a4e000 JavaThread "Code Analyzer updating thread" [_thread_blocked, id=4084, stack(0x00000000110b0000,0x0000000011130000)]
  0x0000000061a47800 JavaThread "Active Reference Queue Daemon" daemon [_thread_blocked, id=4772, stack(0x00000000626e0000,0x0000000062760000)]
  0x0000000061a4c800 JavaThread "Timer-36" daemon [_thread_blocked, id=4272, stack(0x0000000062910000,0x0000000062990000)]
  0x0000000061a4d800 JavaThread "Prefs Updater" daemon [_thread_blocked, id=3236, stack(0x0000000010e50000,0x0000000010ed0000)]
  0x0000000061a4b000 JavaThread "Timer-8" daemon [_thread_blocked, id=4840, stack(0x000000001d2e0000,0x000000001d360000)]
  0x0000000061a49000 JavaThread "Explorer NavigationContext request queue" [_thread_blocked, id=5024, stack(0x0000000019110000,0x0000000019190000)]
  0x0000000061a47000 JavaThread "AddressBar directory emptiness poller" [_thread_blocked, id=3468, stack(0x00000000214b0000,0x0000000021530000)]
  0x0000000061a45800 JavaThread "Timer-1" [_thread_blocked, id=4628, stack(0x000000001d370000,0x000000001d3f0000)]
  0x0000000061a44800 JavaThread "TimerQueue" daemon [_thread_blocked, id=2272, stack(0x000000000ff00000,0x000000000ff80000)]
  0x00000000617b6000 JavaThread "FelixPackageAdmin" daemon [_thread_blocked, id=3228, stack(0x0000000008960000,0x00000000089e0000)]
  0x00000000617b5000 JavaThread "FelixStartLevel" daemon [_thread_blocked, id=3284, stack(0x00000000086f0000,0x0000000008770000)]
  0x000000006175f000 JavaThread "FelixDispatchQueue" daemon [_thread_blocked, id=2320, stack(0x0000000008580000,0x0000000008600000)]
  0x000000006186b000 JavaThread "AWT-EventQueue-0" [_thread_blocked, id=4140, stack(0x0000000008460000,0x00000000084e0000)]
  0x00000000618cd800 JavaThread "com.google.common.base.internal.Finalizer" daemon [_thread_blocked, id=3524, stack(0x0000000008670000,0x00000000086f0000)]
  0x0000000061866800 JavaThread "AWT-Windows" daemon [_thread_in_native, id=1268, stack(0x0000000008390000,0x0000000008410000)]
  0x0000000061822800 JavaThread "AWT-Shutdown" [_thread_blocked, id=4060, stack(0x00000000081a0000,0x0000000008220000)]
  0x0000000061821800 JavaThread "Java2D Disposer" daemon [_thread_blocked, id=4568, stack(0x0000000008050000,0x00000000080d0000)]
  0x0000000061263800 JavaThread "Timer-0" [_thread_blocked, id=4020, stack(0x0000000008100000,0x0000000008180000)]
  0x0000000061181800 JavaThread "EventMgr Dispatcher" daemon [_thread_in_native, id=2312, stack(0x00000000192b0000,0x000000001d2b0000)]
  0x000000000e76c000 JavaThread "Low Memory Detector" daemon [_thread_blocked, id=4316, stack(0x000000000ea80000,0x000000000eb00000)]
  0x000000000e765000 JavaThread "CompilerThread1" daemon [_thread_blocked, id=3344, stack(0x0000000088270000,0x000000008c270000)]
  0x000000000e75f000 JavaThread "CompilerThread0" daemon [_thread_blocked, id=3624, stack(0x00000000841c0000,0x00000000881c0000)]
  0x000000000e75e000 JavaThread "Attach Listener" daemon [_thread_blocked, id=1660, stack(0x000000000e410000,0x000000000e490000)]
  0x000000000e705800 JavaThread "Finalizer" daemon [_thread_blocked, id=4588, stack(0x000000000e4f0000,0x000000000e570000)]
  0x000000000e6fb000 JavaThread "Reference Handler" daemon [_thread_blocked, id=5020, stack(0x000000000e860000,0x000000000e8e0000)]
=>0x000000000552f000 JavaThread "main" [_thread_in_native, id=4208, stack(0x00000000000d0000,0x00000000040d0000)]

Other Threads:
  0x000000000e6f6000 VMThread [stack: 0x0000000080000000,0x0000000084000000] [id=3560]
  0x000000000e798800 WatcherThread [stack: 0x000000008c360000,0x0000000090360000] [id=3000]

VM state:not at safepoint (normal execution)

VM Mutex/Monitor currently owned by a thread: None

Heap
 PSYoungGen      total 10816K, used 8924K [0x0000000045b50000, 0x0000000046f00000, 0x0000000048c50000)
  eden space 9152K, 79% used [0x0000000045b50000,0x000000004626a7f8,0x0000000046440000)
  from space 1664K, 99% used [0x0000000046460000,0x00000000465fc938,0x0000000046600000)
  to   space 5504K, 0% used [0x00000000469a0000,0x00000000469a0000,0x0000000046f00000)
 PSOldGen        total 87744K, used 76624K [0x000000003c850000, 0x0000000041e00000, 0x0000000045b50000)
  object space 87744K, 87% used [0x000000003c850000,0x0000000041324198,0x0000000041e00000)
 PSPermGen       total 109056K, used 67809K [0x0000000034850000, 0x000000003b2d0000, 0x000000003c850000)
  object space 109056K, 62% used [0x0000000034850000,0x0000000038a88780,0x000000003b2d0000)

Dynamic libraries:
0x000000013f960000 - 0x000000013f992000 	C:\Program Files\MATLAB\R2012a\bin\win64\MATLAB.exe
0x00000000776b0000 - 0x000000007785c000 	C:\Windows\SYSTEM32\ntdll.dll
0x0000000077430000 - 0x000000007754f000 	C:\Windows\system32\kernel32.dll
0x000007fefde20000 - 0x000007fefde8c000 	C:\Windows\system32\KERNELBASE.dll
0x0000000074460000 - 0x0000000074554000 	C:\Program Files\MATLAB\R2012a\bin\win64\libut.dll
0x00000000758a0000 - 0x0000000075952000 	C:\Program Files\MATLAB\R2012a\bin\win64\libmwi18n.dll
0x0000000180000000 - 0x000000018000b000 	C:\Program Files\MATLAB\R2012a\bin\win64\libmwresource_core.dll
0x0000000073900000 - 0x00000000739d3000 	C:\Windows\WinSxS\amd64_microsoft.vc90.crt_1fc8b3b9a1e18e3b_9.0.30729.6161_none_08e61857a83bc251\MSVCP90.dll
0x0000000070fb0000 - 0x0000000071053000 	C:\Windows\WinSxS\amd64_microsoft.vc90.crt_1fc8b3b9a1e18e3b_9.0.30729.6161_none_08e61857a83bc251\MSVCR90.dll
0x000000007a170000 - 0x000000007a19c000 	C:\Program Files\MATLAB\R2012a\bin\win64\boost_filesystem-vc90-mt-1_44.dll
0x000000007a560000 - 0x000000007a569000 	C:\Program Files\MATLAB\R2012a\bin\win64\boost_system-vc90-mt-1_44.dll
0x000007feff600000 - 0x000007feff6db000 	C:\Windows\system32\ADVAPI32.dll
0x000007fefe1a0000 - 0x000007fefe23f000 	C:\Windows\system32\msvcrt.dll
0x000007fefe010000 - 0x000007fefe02f000 	C:\Windows\SYSTEM32\sechost.dll
0x000007feff890000 - 0x000007feff9be000 	C:\Windows\system32\RPCRT4.dll
0x000000007a010000 - 0x000000007a035000 	C:\Program Files\MATLAB\R2012a\bin\win64\LIBEXPAT.dll
0x0000000072ce0000 - 0x0000000072ed1000 	C:\Program Files\MATLAB\R2012a\bin\win64\icuin44.dll
0x0000000070210000 - 0x0000000070381000 	C:\Program Files\MATLAB\R2012a\bin\win64\icuuc44.dll
0x0000000010000000 - 0x0000000010e41000 	C:\Program Files\MATLAB\R2012a\bin\win64\icudt44.dll
0x0000000073f70000 - 0x00000000740ad000 	C:\Program Files\MATLAB\R2012a\bin\win64\libmwfl.dll
0x0000000004320000 - 0x0000000004616000 	C:\Program Files\MATLAB\R2012a\bin\win64\libmwMATLAB_res.dll
0x000000007a3b0000 - 0x000000007a3c0000 	C:\Program Files\MATLAB\R2012a\bin\win64\boost_date_time-vc90-mt-1_44.dll
0x000000007a250000 - 0x000000007a263000 	C:\Program Files\MATLAB\R2012a\bin\win64\boost_signals-vc90-mt-1_44.dll
0x000000007a2d0000 - 0x000000007a2e2000 	C:\Program Files\MATLAB\R2012a\bin\win64\boost_thread-vc90-mt-1_44.dll
0x0000000004190000 - 0x00000000041d6000 	C:\Program Files\MATLAB\R2012a\bin\win64\tbb.dll
0x000007fefdff0000 - 0x000007fefe009000 	C:\Windows\system32\imagehlp.dll
0x0000000077880000 - 0x0000000077887000 	C:\Windows\system32\PSAPI.DLL
0x0000000073c20000 - 0x0000000073c33000 	C:\Program Files\MATLAB\R2012a\bin\win64\icuio44.dll
0x000007fef2b40000 - 0x000007fef2c65000 	C:\Windows\system32\dbghelp.dll
0x0000000077330000 - 0x000000007742a000 	C:\Windows\system32\USER32.dll
0x000007fefe040000 - 0x000007fefe0a7000 	C:\Windows\system32\GDI32.dll
0x000007fefe030000 - 0x000007fefe03e000 	C:\Windows\system32\LPK.dll
0x000007feff7c0000 - 0x000007feff88a000 	C:\Windows\system32\USP10.dll
0x000000007bed0000 - 0x000000007c183000 	C:\Program Files\MATLAB\R2012a\bin\win64\libmwservices.dll
0x0000000075a20000 - 0x0000000075ae2000 	C:\Program Files\MATLAB\R2012a\bin\win64\libmx.dll
0x000000007a210000 - 0x000000007a228000 	C:\Program Files\MATLAB\R2012a\bin\win64\zlib1.dll
0x0000000004630000 - 0x0000000004651000 	C:\Program Files\MATLAB\R2012a\bin\win64\libmwmfl_scalar.dll
0x0000000075f10000 - 0x0000000075f5d000 	C:\Program Files\MATLAB\R2012a\bin\win64\mpath.dll
0x000000007b680000 - 0x000000007bbe1000 	C:\Program Files\MATLAB\R2012a\bin\win64\mlutil.dll
0x0000000072a70000 - 0x0000000072aef000 	C:\Program Files\MATLAB\R2012a\bin\win64\xmlcore.dll
0x000000007bc30000 - 0x000000007be83000 	C:\Program Files\MATLAB\R2012a\bin\win64\xerces-c_2_7.dll
0x000007fefdef0000 - 0x000007fefdf3d000 	C:\Windows\system32\WS2_32.dll
0x000007feff410000 - 0x000007feff418000 	C:\Windows\system32\NSI.dll
0x00000000046b0000 - 0x00000000046ca000 	C:\Program Files\MATLAB\R2012a\bin\win64\libmwMATLAB_settings_res.dll
0x00000000046e0000 - 0x0000000004727000 	C:\Program Files\MATLAB\R2012a\bin\win64\boost_serialization-vc90-mt-1_44.dll
0x000007fefe360000 - 0x000007feff0e6000 	C:\Windows\system32\SHELL32.dll
0x000007fefdf40000 - 0x000007fefdfb1000 	C:\Windows\system32\SHLWAPI.dll
0x000007fef3260000 - 0x000007fef3300000 	C:\Windows\WinSxS\amd64_microsoft.windows.common-controls_6595b64144ccf1df_5.82.7600.16661_none_a44e1fc257f685f6\COMCTL32.dll
0x000007fefe240000 - 0x000007fefe2d8000 	C:\Windows\system32\COMDLG32.dll
0x000007fefaaf0000 - 0x000007fefab06000 	C:\Windows\system32\NETAPI32.dll
0x000007fefaae0000 - 0x000007fefaaec000 	C:\Windows\system32\netutils.dll
0x000007fefd650000 - 0x000007fefd673000 	C:\Windows\system32\srvcli.dll
0x000007fefaac0000 - 0x000007fefaad5000 	C:\Windows\system32\wkscli.dll
0x000007feff200000 - 0x000007feff402000 	C:\Windows\system32\ole32.dll
0x000007feff6e0000 - 0x000007feff7b7000 	C:\Windows\system32\OLEAUT32.dll
0x0000000074970000 - 0x0000000074b06000 	C:\Program Files\MATLAB\R2012a\bin\win64\mcr.dll
0x0000000075000000 - 0x000000007536b000 	C:\Program Files\MATLAB\R2012a\bin\win64\iqm.dll
0x000000006f9e0000 - 0x0000000070201000 	C:\Program Files\MATLAB\R2012a\bin\win64\m_interpreter.dll
0x0000000073bf0000 - 0x0000000073c15000 	C:\Program Files\MATLAB\R2012a\bin\win64\libmex.dll
0x000000006f920000 - 0x000000006f9d3000 	C:\Program Files\MATLAB\R2012a\bin\win64\m_dispatcher.dll
0x0000000074880000 - 0x000000007496d000 	C:\Program Files\MATLAB\R2012a\bin\win64\boost_regex-vc90-mt-1_44.dll
0x0000000072300000 - 0x0000000072384000 	C:\Program Files\MATLAB\R2012a\bin\win64\profiler.dll
0x00000000047b0000 - 0x0000000004a05000 	C:\Program Files\MATLAB\R2012a\bin\win64\libmwmathutil.dll
0x0000000079f40000 - 0x0000000079f6d000 	C:\Program Files\MATLAB\R2012a\bin\win64\libmwmathrng.dll
0x0000000074c10000 - 0x0000000074ced000 	C:\Program Files\MATLAB\R2012a\bin\win64\libmwmathcore.dll
0x0000000076160000 - 0x00000000761cb000 	C:\Program Files\MATLAB\R2012a\bin\win64\libmwspmatrix.dll
0x0000000075ea0000 - 0x0000000075f02000 	C:\Program Files\MATLAB\R2012a\bin\win64\libmwcholmod.dll
0x000000007a460000 - 0x000000007a46d000 	C:\Program Files\MATLAB\R2012a\bin\win64\libmwamd.dll
0x000000007a4b0000 - 0x000000007a4bc000 	C:\Program Files\MATLAB\R2012a\bin\win64\libmwcolamd.dll
0x0000000073c40000 - 0x0000000073c59000 	C:\Program Files\MATLAB\R2012a\bin\win64\libmwblas.dll
0x00000000738c0000 - 0x00000000738d2000 	C:\Program Files\MATLAB\R2012a\bin\win64\libmwbinder.dll
0x00000000738f0000 - 0x00000000738fb000 	C:\Program Files\MATLAB\R2012a\bin\win64\libmwompwrapper.dll
0x000000006f890000 - 0x000000006f916000 	C:\Program Files\MATLAB\R2012a\bin\win64\libmwlapack.dll
0x0000000072cb0000 - 0x0000000072cd1000 	C:\Program Files\MATLAB\R2012a\bin\win64\m_pcodeio.dll
0x0000000079b10000 - 0x0000000079b77000 	C:\Program Files\MATLAB\R2012a\bin\win64\m_ir.dll
0x000000006edf0000 - 0x000000006f440000 	C:\Program Files\MATLAB\R2012a\bin\win64\m_parser.dll
0x0000000072c90000 - 0x0000000072caa000 	C:\Program Files\MATLAB\R2012a\bin\win64\ir_xfmr.dll
0x000000006eb70000 - 0x000000006ede9000 	C:\Program Files\MATLAB\R2012a\bin\win64\mcos.dll
0x0000000072a60000 - 0x0000000072a6c000 	C:\Program Files\MATLAB\R2012a\bin\win64\mtok.dll
0x000000006f850000 - 0x000000006f881000 	C:\Program Files\MATLAB\R2012a\bin\win64\m_pcodegen.dll
0x0000000079fb0000 - 0x0000000079fe7000 	C:\Program Files\MATLAB\R2012a\bin\win64\libmwbridge.dll
0x000000006f710000 - 0x000000006f7d8000 	C:\Program Files\MATLAB\R2012a\bin\win64\udd.dll
0x000000006ea10000 - 0x000000006eb62000 	C:\Program Files\MATLAB\R2012a\bin\win64\libmwgui.dll
0x0000000072a40000 - 0x0000000072a57000 	C:\Program Files\MATLAB\R2012a\bin\win64\graphics_util.dll
0x00000000649f0000 - 0x0000000065393000 	C:\Program Files\MATLAB\R2012a\bin\win64\hg.dll
0x0000000004b80000 - 0x0000000004be7000 	C:\Program Files\MATLAB\R2012a\bin\win64\libmat.dll
0x0000000004c00000 - 0x0000000004e14000 	C:\Program Files\MATLAB\R2012a\bin\win64\hdf5dll.dll
0x0000000075710000 - 0x00000000757c1000 	C:\Program Files\MATLAB\R2012a\bin\win64\jmi.dll
0x0000000004e40000 - 0x0000000004e4e000 	C:\Program Files\MATLAB\R2012a\bin\win64\nativejava_services.dll
0x000000006e9c0000 - 0x000000006ea02000 	C:\Program Files\MATLAB\R2012a\bin\win64\libmwhardcopy.dll
0x000000006e960000 - 0x000000006e9ba000 	C:\Program Files\MATLAB\R2012a\bin\win64\libuij.dll
0x000000006e750000 - 0x000000006e95c000 	C:\Program Files\MATLAB\R2012a\bin\win64\hgdatatypes.dll
0x000000006e650000 - 0x000000006e74d000 	C:\Program Files\MATLAB\R2012a\bin\win64\hgutils.dll
0x000000006e590000 - 0x000000006e64d000 	C:\Program Files\MATLAB\R2012a\bin\win64\udd_mi.dll
0x0000000004eb0000 - 0x0000000004eeb000 	C:\Program Files\MATLAB\R2012a\bin\win64\libmwgbtutils.dll
0x0000000004f00000 - 0x0000000004f19000 	C:\Program Files\MATLAB\R2012a\bin\win64\libmwgbt.dll
0x0000000004f30000 - 0x00000000051fa000 	C:\Program Files\MATLAB\R2012a\bin\win64\uiw.dll
0x0000000072770000 - 0x000000007277f000 	C:\Program Files\MATLAB\R2012a\bin\win64\uinone.dll
0x000007fefa760000 - 0x000007fefa778000 	C:\Windows\system32\MPR.dll
0x0000000064500000 - 0x00000000649e4000 	C:\Windows\WinSxS\amd64_microsoft.vc90.mfc_1fc8b3b9a1e18e3b_9.0.30729.6161_none_044aad0bab1eb146\mfc90.dll
0x000007fefa010000 - 0x000007fefa017000 	C:\Windows\system32\MSIMG32.dll
0x000007fef8a90000 - 0x000007fef8b00000 	C:\Windows\system32\WINSPOOL.DRV
0x0000000072750000 - 0x0000000072770000 	C:\Program Files\MATLAB\R2012a\bin\win64\mwoles05.DLL
0x000000006e510000 - 0x000000006e58c000 	C:\Program Files\MATLAB\R2012a\bin\win64\comcli.dll
0x0000000072490000 - 0x00000000724bf000 	C:\Windows\WinSxS\amd64_microsoft.vc90.atl_1fc8b3b9a1e18e3b_9.0.30729.6161_none_0a1fd3a3a768b895\ATL90.DLL
0x00000000726c0000 - 0x00000000726cc000 	C:\Program Files\MATLAB\R2012a\bin\win64\mlautoregister.dll
0x0000000005250000 - 0x0000000005260000 	C:\Program Files\MATLAB\R2012a\bin\win64\boost_iostreams-vc90-mt-1_44.dll
0x000007fefdfc0000 - 0x000007fefdfee000 	C:\Windows\system32\IMM32.DLL
0x000007feff0f0000 - 0x000007feff1f9000 	C:\Windows\system32\MSCTF.dll
0x000007fefb2c0000 - 0x000007fefb316000 	C:\Windows\system32\UxTheme.dll
0x000007fefae70000 - 0x000007fefae88000 	C:\Windows\system32\dwmapi.dll
0x00000000726b0000 - 0x00000000726bd000 	C:\Windows\WinSxS\amd64_microsoft.vc90.mfcloc_1fc8b3b9a1e18e3b_9.0.30729.6161_none_01c9581e60cbee58\MFC90ENU.DLL
0x00000000054f0000 - 0x0000000005519000 	C:\Program Files\MATLAB\R2012a\bin\win64\tbbmalloc.dll
0x000007fefdb20000 - 0x000007fefdb2f000 	C:\Windows\system32\profapi.dll
0x000007fefaa90000 - 0x000007fefaa9f000 	C:\Program Files\MATLAB\R2012a\bin\win64\xmlxrcsc.dll
0x000007fefda10000 - 0x000007fefda1f000 	C:\Windows\system32\CRYPTBASE.dll
0x000007fefc780000 - 0x000007fefc974000 	C:\Windows\WinSxS\amd64_microsoft.windows.common-controls_6595b64144ccf1df_6.0.7600.16661_none_fa62ad231704eab7\comctl32.dll
0x000007feff420000 - 0x000007feff5f7000 	C:\Windows\system32\SETUPAPI.dll
0x000007fefde90000 - 0x000007fefdec6000 	C:\Windows\system32\CFGMGR32.dll
0x000007fefded0000 - 0x000007fefdeea000 	C:\Windows\system32\DEVOBJ.dll
0x000007fefe0b0000 - 0x000007fefe149000 	C:\Windows\system32\CLBCatQ.DLL
0x000007fefc490000 - 0x000007fefc5bc000 	C:\Windows\system32\propsys.dll
0x000007fefc390000 - 0x000007fefc3bd000 	C:\Windows\system32\ntmarta.dll
0x000007fefe150000 - 0x000007fefe1a0000 	C:\Windows\system32\WLDAP32.dll
0x0000000078870000 - 0x0000000078ecd000 	C:\Program Files\MATLAB\R2012a\sys\java\jre\win64\jre\bin\server\jvm.dll
0x000007fefa8a0000 - 0x000007fefa8db000 	C:\Windows\system32\WINMM.dll
0x000007fefa580000 - 0x000007fefa5a7000 	C:\Windows\system32\iphlpapi.dll
0x000007fefa570000 - 0x000007fefa57b000 	C:\Windows\system32\WINNSI.DLL

VM Arguments:
jvm_args: -Xss512k -XX:PermSize=32m -Xms64m -XX:NewRatio=3 -XX:MaxPermSize=128m -Xmx196m -XX:MaxDirectMemorySize=2147400000 -Dsun.java2d.noddraw=true -Dsun.awt.nopixfmt=true -Xshare:off -Xrs -Dsun.awt.disableMixing=true -Djava.library.path=C:\Program Files\MATLAB\R2012a\bin\win64 vfprintf abort 
java_command: <unknown>
Launcher Type: generic

Environment Variables:
PATH=c:\Program Files (x86)\NVIDIA Corporation\PhysX\Common;C:\Windows\system32;C:\Windows;C:\Windows\System32\Wbem;C:\Windows\System32\WindowsPowerShell\v1.0\;C:\CUDA\bin64;C:\Program Files\MATLAB\R2012a\runtime\win64;C:\Program Files\MATLAB\R2012a\bin
USERNAME=Brian Hong
OS=Windows_NT
PROCESSOR_IDENTIFIER=Intel64 Family 6 Model 26 Stepping 5, GenuineIntel



---------------  S Y S T E M  ---------------

OS: Windows 7 Build 7600 

CPU:total 8 (8 cores per cpu, 2 threads per core) family 6 model 26 stepping 5, cmov, cx8, fxsr, mmx, sse, sse2, sse3, ssse3, sse4.1, sse4.2, ht

Memory: 4k page, physical 8379512k(5495256k free), swap 16757120k(13654948k free)

vm_info: Java HotSpot(TM) 64-Bit Server VM (14.3-b01) for windows-amd64 JRE (1.6.0_17-b04), built on Oct 11 2009 00:46:08 by "java_re" with MS VC++ 8.0

time: Fri Jun 08 15:02:05 2012
elapsed time: 5741 seconds

